
=== Thu Jan 23 06:46:22 2025

Packages were changed.
Update Mode: mergeDefaultDependencies

The following packages were added:
  com.unity.modules.androidjni@1.0.0
  com.unity.modules.cloth@1.0.0
  com.unity.modules.director@1.0.0
  com.unity.modules.terrainphysics@1.0.0
  com.unity.modules.tilemap@1.0.0
  com.unity.modules.uielements@1.0.0
  com.unity.modules.umbra@1.0.0
  com.unity.modules.unityanalytics@1.0.0
  com.unity.modules.vehicles@1.0.0
  com.unity.modules.video@1.0.0
  com.unity.modules.wind@1.0.0
  com.unity.modules.accessibility@1.0.0
  com.unity.multiplayer.center@1.0.0
The following packages were updated:
  com.unity.ai.navigation from version 2.0.0 to 2.0.4
  com.unity.collab-proxy from version 2.3.1 to 2.5.2
  com.unity.learn.iet-framework from version 3.1.3 to 4.0.2
  com.unity.probuilder from version 6.0.1 to 6.0.4
  com.unity.test-framework from version 1.4.4 to 1.4.5
  com.unity.timeline from version 1.8.6 to 1.8.7

=== Fri Jan 31 14:22:11 2025

Packages were changed.
Update Mode: updateDependencies

The following packages were updated:
  com.unity.collab-proxy from version 1.13.5 to 2.5.2
  com.unity.ide.rider from version 2.0.7 to 3.0.31
  com.unity.ide.visualstudio from version 2.0.11 to 2.0.22
  com.unity.recorder from version 2.5.7 to 5.1.1
  com.unity.render-pipelines.universal from version 10.7.0 to 17.0.3
  com.unity.test-framework from version 1.1.29 to 1.4.5
  com.unity.timeline from version 1.4.8 to 1.8.7
  com.unity.ugui from version 1.0.0 to 2.0.0
The following packages were removed:
  com.unity.textmeshpro@3.0.6

=== Fri Jan 31 14:22:12 2025

Packages were changed.
Update Mode: mergeDefaultDependencies

The following packages were added:
  com.unity.ide.rider@3.0.31
  com.unity.ide.visualstudio@2.0.22
  com.unity.ide.vscode@1.2.4
  com.unity.recorder@5.1.1

=== Fri Jan 31 14:36:08 2025

Packages were changed.
Update Mode: mergeDefaultDependencies

The following packages were added:
  com.unity.render-pipelines.universal-config@17.0.3
  com.unity.rendering.light-transport@1.0.1
  com.unity.render-pipelines.core@17.0.3
  com.unity.shadergraph@17.0.3
